<?xml version="1.0" encoding="UTF-8"?>
<testsuite name="com.kbank.lms.dao.CorporationDaoTest" time="0.656" tests="21" errors="0" skipped="0" failures="0">
  <properties>
[...]
</properties>
  <testcase name="checkCorpDuplicate_Success" classname="com.kbank.lms.dao.CorporationDaoTest" time="0.012"/>
  <testcase name="copyToCorporationMst_Success" classname="com.kbank.lms.dao.CorporationDaoTest" time="0.019"/>
  <testcase name="copyToCorporationTmpDelete_Success" classname="com.kbank.lms.dao.CorporationDaoTest" time="0.033"/>
  <testcase name="copyToCorporationTmp_Success" classname="com.kbank.lms.dao.CorporationDaoTest" time="0.039"/>
  <testcase name="countCorporationMst" classname="com.kbank.lms.dao.CorporationDaoTest" time="0.016"/>
  <testcase name="countCorporationTmp_Success" classname="com.kbank.lms.dao.CorporationDaoTest" time="0.008"/>
  <testcase name="deleteAllCorporationMst_Success" classname="com.kbank.lms.dao.CorporationDaoTest" time="0.007"/>
  <testcase name="deleteAllCorporationTmp_Success" classname="com.kbank.lms.dao.CorporationDaoTest" time="0.016"/>
  <testcase name="deleteCorporationMstCorpCode_Success" classname="com.kbank.lms.dao.CorporationDaoTest" time="0.034"/>
  <testcase name="deleteCorporationTmpCorpCode_Success" classname="com.kbank.lms.dao.CorporationDaoTest" time="0.037"/>
  <testcase name="getCorporationMstByCorpCode_Success" classname="com.kbank.lms.dao.CorporationDaoTest" time="0.018"/>
  <testcase name="getCorporationTmpByCorpCode_Success" classname="com.kbank.lms.dao.CorporationDaoTest" time="0.017"/>
  <testcase name="insertCorporationMst_Success" classname="com.kbank.lms.dao.CorporationDaoTest" time="0.021"/>
  <testcase name="insertCorporationTmpWithAccount_Success" classname="com.kbank.lms.dao.CorporationDaoTest" time="0.03"/>
  <testcase name="insertCorporationTmp_Fail" classname="com.kbank.lms.dao.CorporationDaoTest" time="0.223"/>
  <testcase name="insertCorporationTmp_Success" classname="com.kbank.lms.dao.CorporationDaoTest" time="0.01"/>
  <testcase name="updateAutorizeStatus_Success" classname="com.kbank.lms.dao.CorporationDaoTest" time="0.031"/>
  <testcase name="updateCorporationInformationWithUMMProfile_Success" classname="com.kbank.lms.dao.CorporationDaoTest" time="0.017"/>
  <testcase name="updateCorporationTmp_Success" classname="com.kbank.lms.dao.CorporationDaoTest" time="0.021"/>
  <testcase name="updateCorporationUMMStatusOnlyWithUMMProfile_Success" classname="com.kbank.lms.dao.CorporationDaoTest" time="0.017"/>
  <testcase name="updateTmpToCorporationMst_Success" classname="com.kbank.lms.dao.CorporationDaoTest" time="0.03"/>
</testsuite>